-- Found ament_cmake: 0.9.12 (/opt/ros/foxy/share/ament_cmake/cmake)
-- Using PYTHON_EXECUTABLE: /usr/bin/python3
-- Override CMake install command with custom implementation using symlinks instead of copying resources
-- Found robot_state_publisher: 2.4.5 (/opt/ros/foxy/share/robot_state_publisher/cmake)
-- Using all available rosidl_typesupport_c: rosidl_typesupport_fastrtps_c;rosidl_typesupport_introspection_c
-- Found rosidl_adapter: 1.3.1 (/opt/ros/foxy/share/rosidl_adapter/cmake)
-- Using all available rosidl_typesupport_cpp: rosidl_typesupport_fastrtps_cpp;rosidl_typesupport_introspection_cpp
-- Found eigen3_cmake_module: 0.1.1 (/opt/ros/foxy/share/eigen3_cmake_module/cmake)
-- Found rmw_implementation_cmake: 1.0.4 (/opt/ros/foxy/share/rmw_implementation_cmake/cmake)
-- Using RMW implementation 'rmw_fastrtps_cpp' as default
-- Found nav_msgs: 2.0.5 (/opt/ros/foxy/share/nav_msgs/cmake)
CMake Error at CMakeLists.txt:60 (find_package):
  By not providing "Findhyu_robot_states.cmake" in CMAKE_MODULE_PATH this
  project has asked CMake to find a package configuration file provided by
  "hyu_robot_states", but CMake did not find one.

  Could not find a package configuration file provided by "hyu_robot_states"
  with any of the following names:

    hyu_robot_statesConfig.cmake
    hyu_robot_states-config.cmake

  Add the installation prefix of "hyu_robot_states" to CMAKE_PREFIX_PATH or
  set "hyu_robot_states_DIR" to a directory containing one of the above
  files.  If "hyu_robot_states" provides a separate development package or
  SDK, be sure it has been installed.


-- Configuring incomplete, errors occurred!
See also "/home/robot/catkin_ws/src/ros2_bullet3_qt_example/build/ros2_bullet3_qt_example/CMakeFiles/CMakeOutput.log".
See also "/home/robot/catkin_ws/src/ros2_bullet3_qt_example/build/ros2_bullet3_qt_example/CMakeFiles/CMakeError.log".
