[0.834s] DEBUG:colcon:Command line arguments: ['/usr/bin/colcon', 'build', '--symlink-install']
[0.834s] DEBUG:colcon:Parsed command line arguments: Namespace(allow_overriding=[], ament_cmake_args=None, base_paths=['.'], build_base='build', catkin_cmake_args=None, catkin_skip_building_tests=False, cmake_args=None, cmake_clean_cache=False, cmake_clean_first=False, cmake_force_configure=False, cmake_target=None, cmake_target_skip_unavailable=False, continue_on_error=False, event_handlers=None, executor='parallel', ignore_user_meta=False, install_base='install', log_base=None, log_level=None, main=<bound method BuildVerb.main of <colcon_core.verb.build.BuildVerb object at 0x7f13e5b347f0>>, merge_install=False, metas=['./colcon.meta'], packages_above=None, packages_above_and_dependencies=None, packages_above_depth=None, packages_end=None, packages_ignore=None, packages_ignore_regex=None, packages_select=None, packages_select_build_failed=False, packages_select_by_dep=None, packages_select_regex=None, packages_select_test_failures=False, packages_skip=None, packages_skip_build_finished=False, packages_skip_by_dep=None, packages_skip_regex=None, packages_skip_test_passed=False, packages_skip_up_to=None, packages_start=None, packages_up_to=None, packages_up_to_regex=None, parallel_workers=32, paths=None, symlink_install=True, test_result_base=None, verb_extension=<colcon_core.verb.build.BuildVerb object at 0x7f13e5b347f0>, verb_name='build', verb_parser=<colcon_defaults.argument_parser.defaults.DefaultArgumentsDecorator object at 0x7f13e5b38a90>)
[0.869s] Level 1:colcon.colcon_core.package_discovery:discover_packages(colcon_meta) check parameters
[0.870s] Level 1:colcon.colcon_core.package_discovery:discover_packages(recursive) check parameters
[0.870s] Level 1:colcon.colcon_core.package_discovery:discover_packages(ignore) check parameters
[0.870s] Level 1:colcon.colcon_core.package_discovery:discover_packages(path) check parameters
[0.870s] Level 1:colcon.colcon_core.package_discovery:discover_packages(colcon_meta) discover
[0.870s] Level 1:colcon.colcon_core.package_discovery:discover_packages(recursive) discover
[0.870s] INFO:colcon.colcon_core.package_discovery:Crawling recursively for packages in '/home/robot/catkin_ws/src/ros2_bullet3_qt_example'
[0.870s] Level 1:colcon.colcon_core.package_identification:_identify(.) by extensions ['ignore', 'ignore_ament_install']
[0.870s] Level 1:colcon.colcon_core.package_identification:_identify(.) by extension 'ignore'
[0.870s] Level 1:colcon.colcon_core.package_identification:_identify(.) by extension 'ignore_ament_install'
[0.870s] Level 1:colcon.colcon_core.package_identification:_identify(.) by extensions ['colcon_pkg']
[0.870s] Level 1:colcon.colcon_core.package_identification:_identify(.) by extension 'colcon_pkg'
[0.870s] Level 1:colcon.colcon_core.package_identification:_identify(.) by extensions ['colcon_meta']
[0.870s] Level 1:colcon.colcon_core.package_identification:_identify(.) by extension 'colcon_meta'
[0.870s] Level 1:colcon.colcon_core.package_identification:_identify(.) by extensions ['ros']
[0.870s] Level 1:colcon.colcon_core.package_identification:_identify(.) by extension 'ros'
[0.876s] DEBUG:colcon.colcon_core.package_identification:Package '.' with type 'ros.ament_cmake' and name 'ros2_bullet3_qt_example'
[0.876s] Level 1:colcon.colcon_core.package_discovery:discover_packages(recursive) using defaults
[0.876s] Level 1:colcon.colcon_core.package_discovery:discover_packages(ignore) discover
[0.876s] Level 1:colcon.colcon_core.package_discovery:discover_packages(ignore) using defaults
[0.876s] Level 1:colcon.colcon_core.package_discovery:discover_packages(path) discover
[0.876s] Level 1:colcon.colcon_core.package_discovery:discover_packages(path) using defaults
[0.954s] Level 1:colcon.colcon_core.package_discovery:discover_packages(prefix_path) check parameters
[0.954s] Level 1:colcon.colcon_core.package_discovery:discover_packages(prefix_path) discover
[0.981s] DEBUG:colcon.colcon_installed_package_information.package_discovery:Found 260 installed packages in /opt/ros/foxy
[0.982s] Level 1:colcon.colcon_core.package_discovery:discover_packages(prefix_path) using defaults
[1.036s] Level 5:colcon.colcon_core.verb:set package 'ros2_bullet3_qt_example' build argument 'cmake_args' from command line to 'None'
[1.036s] Level 5:colcon.colcon_core.verb:set package 'ros2_bullet3_qt_example' build argument 'cmake_target' from command line to 'None'
[1.036s] Level 5:colcon.colcon_core.verb:set package 'ros2_bullet3_qt_example' build argument 'cmake_target_skip_unavailable' from command line to 'False'
[1.036s] Level 5:colcon.colcon_core.verb:set package 'ros2_bullet3_qt_example' build argument 'cmake_clean_cache' from command line to 'False'
[1.036s] Level 5:colcon.colcon_core.verb:set package 'ros2_bullet3_qt_example' build argument 'cmake_clean_first' from command line to 'False'
[1.036s] Level 5:colcon.colcon_core.verb:set package 'ros2_bullet3_qt_example' build argument 'cmake_force_configure' from command line to 'False'
[1.036s] Level 5:colcon.colcon_core.verb:set package 'ros2_bullet3_qt_example' build argument 'ament_cmake_args' from command line to 'None'
[1.036s] Level 5:colcon.colcon_core.verb:set package 'ros2_bullet3_qt_example' build argument 'catkin_cmake_args' from command line to 'None'
[1.036s] Level 5:colcon.colcon_core.verb:set package 'ros2_bullet3_qt_example' build argument 'catkin_skip_building_tests' from command line to 'False'
[1.036s] DEBUG:colcon.colcon_core.verb:Building package 'ros2_bullet3_qt_example' with the following arguments: {'ament_cmake_args': None, 'build_base': '/home/robot/catkin_ws/src/ros2_bullet3_qt_example/build/ros2_bullet3_qt_example', 'catkin_cmake_args': None, 'catkin_skip_building_tests': False, 'cmake_args': None, 'cmake_clean_cache': False, 'cmake_clean_first': False, 'cmake_force_configure': False, 'cmake_target': None, 'cmake_target_skip_unavailable': False, 'install_base': '/home/robot/catkin_ws/src/ros2_bullet3_qt_example/install/ros2_bullet3_qt_example', 'merge_install': False, 'path': '/home/robot/catkin_ws/src/ros2_bullet3_qt_example', 'symlink_install': True, 'test_result_base': None}
[1.049s] INFO:colcon.colcon_core.executor:Executing jobs using 'parallel' executor
[1.063s] DEBUG:colcon.colcon_parallel_executor.executor.parallel:run_until_complete
[1.063s] INFO:colcon.colcon_ros.task.ament_cmake.build:Building ROS package in '/home/robot/catkin_ws/src/ros2_bullet3_qt_example' with build type 'ament_cmake'
[1.063s] INFO:colcon.colcon_cmake.task.cmake.build:Building CMake package in '/home/robot/catkin_ws/src/ros2_bullet3_qt_example'
[1.077s] INFO:colcon.colcon_core.plugin_system:Skipping extension 'colcon_core.shell.bat': Not used on non-Windows systems
[1.077s] INFO:colcon.colcon_core.shell:Skip shell extension 'powershell' for command environment: Not usable outside of PowerShell
[1.077s] DEBUG:colcon.colcon_core.shell:Skip shell extension 'dsv' for command environment
[1.109s] DEBUG:colcon.colcon_core.event_handler.log_command:Invoking command in '/home/robot/catkin_ws/src/ros2_bullet3_qt_example/build/ros2_bullet3_qt_example': CMAKE_PREFIX_PATH=/opt/ros/foxy /usr/bin/cmake /home/robot/catkin_ws/src/ros2_bullet3_qt_example -DAMENT_CMAKE_SYMLINK_INSTALL=1 -DCMAKE_INSTALL_PREFIX=/home/robot/catkin_ws/src/ros2_bullet3_qt_example/install/ros2_bullet3_qt_example
[2.524s] DEBUG:colcon.colcon_core.event_handler.log_command:Invoked command in '/home/robot/catkin_ws/src/ros2_bullet3_qt_example/build/ros2_bullet3_qt_example' returned '1': CMAKE_PREFIX_PATH=/opt/ros/foxy /usr/bin/cmake /home/robot/catkin_ws/src/ros2_bullet3_qt_example -DAMENT_CMAKE_SYMLINK_INSTALL=1 -DCMAKE_INSTALL_PREFIX=/home/robot/catkin_ws/src/ros2_bullet3_qt_example/install/ros2_bullet3_qt_example
[2.531s] Level 1:colcon.colcon_core.environment:create_environment_scripts_only(ros2_bullet3_qt_example)
[2.546s] Level 1:colcon.colcon_core.environment:checking '/home/robot/catkin_ws/src/ros2_bullet3_qt_example/install/ros2_bullet3_qt_example' for CMake module files
[2.547s] Level 1:colcon.colcon_core.environment:checking '/home/robot/catkin_ws/src/ros2_bullet3_qt_example/install/ros2_bullet3_qt_example' for CMake config files
[2.547s] Level 1:colcon.colcon_core.environment:checking '/home/robot/catkin_ws/src/ros2_bullet3_qt_example/install/ros2_bullet3_qt_example/bin'
[2.547s] Level 1:colcon.colcon_core.environment:checking '/home/robot/catkin_ws/src/ros2_bullet3_qt_example/install/ros2_bullet3_qt_example/lib/pkgconfig/ros2_bullet3_qt_example.pc'
[2.547s] Level 1:colcon.colcon_core.environment:checking '/home/robot/catkin_ws/src/ros2_bullet3_qt_example/install/ros2_bullet3_qt_example/lib/python3.8/site-packages'
[2.547s] Level 1:colcon.colcon_core.environment:checking '/home/robot/catkin_ws/src/ros2_bullet3_qt_example/install/ros2_bullet3_qt_example/bin'
[2.561s] INFO:colcon.colcon_core.shell:Creating package script '/home/robot/catkin_ws/src/ros2_bullet3_qt_example/install/ros2_bullet3_qt_example/share/ros2_bullet3_qt_example/package.ps1'
[2.561s] INFO:colcon.colcon_core.shell:Creating package descriptor '/home/robot/catkin_ws/src/ros2_bullet3_qt_example/install/ros2_bullet3_qt_example/share/ros2_bullet3_qt_example/package.dsv'
[2.561s] INFO:colcon.colcon_core.shell:Creating package script '/home/robot/catkin_ws/src/ros2_bullet3_qt_example/install/ros2_bullet3_qt_example/share/ros2_bullet3_qt_example/package.sh'
[2.562s] INFO:colcon.colcon_core.shell:Creating package script '/home/robot/catkin_ws/src/ros2_bullet3_qt_example/install/ros2_bullet3_qt_example/share/ros2_bullet3_qt_example/package.bash'
[2.562s] INFO:colcon.colcon_core.shell:Creating package script '/home/robot/catkin_ws/src/ros2_bullet3_qt_example/install/ros2_bullet3_qt_example/share/ros2_bullet3_qt_example/package.zsh'
[2.562s] Level 1:colcon.colcon_core.environment:create_file_with_runtime_dependencies(/home/robot/catkin_ws/src/ros2_bullet3_qt_example/install/ros2_bullet3_qt_example/share/colcon-core/packages/ros2_bullet3_qt_example)
[2.572s] DEBUG:colcon.colcon_parallel_executor.executor.parallel:closing loop
[2.572s] DEBUG:colcon.colcon_parallel_executor.executor.parallel:loop closed
[2.572s] DEBUG:colcon.colcon_parallel_executor.executor.parallel:run_until_complete finished with '1'
[2.572s] DEBUG:colcon.colcon_core.event_reactor:joining thread
[2.594s] INFO:colcon.colcon_core.plugin_system:Skipping extension 'colcon_notification.desktop_notification.terminal_notifier': Not used on non-Darwin systems
[2.594s] INFO:colcon.colcon_core.plugin_system:Skipping extension 'colcon_notification.desktop_notification.win32': Not used on non-Windows systems
[2.594s] INFO:colcon.colcon_notification.desktop_notification:Sending desktop notification using 'notify2'
[2.605s] DEBUG:colcon.colcon_core.event_reactor:joined thread
[2.619s] INFO:colcon.colcon_core.shell:Creating prefix script '/home/robot/catkin_ws/src/ros2_bullet3_qt_example/install/local_setup.ps1'
[2.620s] INFO:colcon.colcon_core.shell:Creating prefix util module '/home/robot/catkin_ws/src/ros2_bullet3_qt_example/install/_local_setup_util_ps1.py'
[2.620s] INFO:colcon.colcon_core.shell:Creating prefix chain script '/home/robot/catkin_ws/src/ros2_bullet3_qt_example/install/setup.ps1'
[2.634s] INFO:colcon.colcon_core.shell:Creating prefix script '/home/robot/catkin_ws/src/ros2_bullet3_qt_example/install/local_setup.sh'
[2.634s] INFO:colcon.colcon_core.shell:Creating prefix util module '/home/robot/catkin_ws/src/ros2_bullet3_qt_example/install/_local_setup_util_sh.py'
[2.634s] INFO:colcon.colcon_core.shell:Creating prefix chain script '/home/robot/catkin_ws/src/ros2_bullet3_qt_example/install/setup.sh'
[2.648s] INFO:colcon.colcon_core.shell:Creating prefix script '/home/robot/catkin_ws/src/ros2_bullet3_qt_example/install/local_setup.bash'
[2.648s] INFO:colcon.colcon_core.shell:Creating prefix chain script '/home/robot/catkin_ws/src/ros2_bullet3_qt_example/install/setup.bash'
[2.662s] INFO:colcon.colcon_core.shell:Creating prefix script '/home/robot/catkin_ws/src/ros2_bullet3_qt_example/install/local_setup.zsh'
[2.662s] INFO:colcon.colcon_core.shell:Creating prefix chain script '/home/robot/catkin_ws/src/ros2_bullet3_qt_example/install/setup.zsh'
