[0.046s] Invoking command in '/home/robot/catkin_ws/src/ros2_bullet3_qt_example/build/ros2_bullet3_qt_example': CMAKE_PREFIX_PATH=/opt/ros/foxy /usr/bin/cmake /home/robot/catkin_ws/src/ros2_bullet3_qt_example -DAMENT_CMAKE_SYMLINK_INSTALL=1 -DCMAKE_INSTALL_PREFIX=/home/robot/catkin_ws/src/ros2_bullet3_qt_example/install/ros2_bullet3_qt_example
[0.311s] -- The C compiler identification is GNU 9.4.0
[0.347s] -- The CXX compiler identification is GNU 9.4.0
[0.350s] -- Check for working C compiler: /usr/bin/cc
[0.399s] -- Check for working C compiler: /usr/bin/cc -- works
[0.399s] -- Detecting C compiler ABI info
[0.446s] -- Detecting C compiler ABI info - done
[0.454s] -- Detecting C compile features
[0.455s] -- Detecting C compile features - done
[0.456s] -- Check for working CXX compiler: /usr/bin/c++
[0.511s] -- Check for working CXX compiler: /usr/bin/c++ -- works
[0.511s] -- Detecting CXX compiler ABI info
[0.566s] -- Detecting CXX compiler ABI info - done
[0.574s] -- Detecting CXX compile features
[0.575s] -- Detecting CXX compile features - done
[0.579s] -- Found PkgConfig: /usr/bin/pkg-config (found version "0.29.1") 
[0.580s] -- Found ament_cmake: 0.9.12 (/opt/ros/foxy/share/ament_cmake/cmake)
[0.596s] -- Found PythonInterp: /usr/bin/python3 (found suitable version "3.8.10", minimum required is "3") 
[0.596s] -- Using PYTHON_EXECUTABLE: /usr/bin/python3
[0.702s] -- Override CMake install command with custom implementation using symlinks instead of copying resources
[0.762s] -- Found Bullet: /usr/local/lib/libBulletDynamics.so  
[0.768s] -- Looking for pthread.h
[0.818s] -- Looking for pthread.h - found
[0.818s] -- Performing Test CMAKE_HAVE_LIBC_PTHREAD
[0.868s] -- Performing Test CMAKE_HAVE_LIBC_PTHREAD - Failed
[0.868s] -- Looking for pthread_create in pthreads
[0.908s] -- Looking for pthread_create in pthreads - not found
[0.908s] -- Looking for pthread_create in pthread
[0.956s] -- Looking for pthread_create in pthread - found
[0.957s] -- Found Threads: TRUE  
[0.959s] -- Found robot_state_publisher: 2.4.5 (/opt/ros/foxy/share/robot_state_publisher/cmake)
[0.974s] -- Using all available rosidl_typesupport_c: rosidl_typesupport_fastrtps_c;rosidl_typesupport_introspection_c
[0.978s] -- Found rosidl_adapter: 1.3.1 (/opt/ros/foxy/share/rosidl_adapter/cmake)
[1.019s] -- Found OpenSSL: /usr/lib/x86_64-linux-gnu/libcrypto.so (found version "1.1.1f")  
[1.030s] -- Found FastRTPS: /opt/ros/foxy/include  
[1.070s] -- Using all available rosidl_typesupport_cpp: rosidl_typesupport_fastrtps_cpp;rosidl_typesupport_introspection_cpp
[1.089s] -- Found eigen3_cmake_module: 0.1.1 (/opt/ros/foxy/share/eigen3_cmake_module/cmake)
[1.091s] -- Found Eigen3: TRUE (found version "3.3.7") 
[1.111s] -- Found rmw_implementation_cmake: 1.0.4 (/opt/ros/foxy/share/rmw_implementation_cmake/cmake)
[1.112s] -- Using RMW implementation 'rmw_fastrtps_cpp' as default
[1.418s] -- Found nav_msgs: 2.0.5 (/opt/ros/foxy/share/nav_msgs/cmake)
[1.455s] CMake Error at CMakeLists.txt:60 (find_package):
[1.456s]   By not providing "Findrobot_states.cmake" in CMAKE_MODULE_PATH this project
[1.456s]   has asked CMake to find a package configuration file provided by
[1.456s]   "robot_states", but CMake did not find one.
[1.456s] 
[1.456s]   Could not find a package configuration file provided by "robot_states" with
[1.456s]   any of the following names:
[1.456s] 
[1.456s]     robot_statesConfig.cmake
[1.456s]     robot_states-config.cmake
[1.456s] 
[1.456s]   Add the installation prefix of "robot_states" to CMAKE_PREFIX_PATH or set
[1.456s]   "robot_states_DIR" to a directory containing one of the above files.  If
[1.456s]   "robot_states" provides a separate development package or SDK, be sure it
[1.456s]   has been installed.
[1.456s] 
[1.456s] 
[1.457s] -- Configuring incomplete, errors occurred!
[1.457s] See also "/home/robot/catkin_ws/src/ros2_bullet3_qt_example/build/ros2_bullet3_qt_example/CMakeFiles/CMakeOutput.log".
[1.457s] See also "/home/robot/catkin_ws/src/ros2_bullet3_qt_example/build/ros2_bullet3_qt_example/CMakeFiles/CMakeError.log".
[1.461s] Invoked command in '/home/robot/catkin_ws/src/ros2_bullet3_qt_example/build/ros2_bullet3_qt_example' returned '1': CMAKE_PREFIX_PATH=/opt/ros/foxy /usr/bin/cmake /home/robot/catkin_ws/src/ros2_bullet3_qt_example -DAMENT_CMAKE_SYMLINK_INSTALL=1 -DCMAKE_INSTALL_PREFIX=/home/robot/catkin_ws/src/ros2_bullet3_qt_example/install/ros2_bullet3_qt_example
